<?xml version="1.0" encoding="UTF-8"?>
<!-- Generated by org.testng.reporters.JUnitXMLReporter -->
<testsuite ignored="2" hostname="Maginthans-MacBook-Pro.local" failures="0" tests="2" name="Test" time="34.922" errors="0" timestamp="2024-08-20T19:01:08 IST">
  <testcase classname="test.UserNameUpdateTest" name="TC_015_UpadateUserName" time="7.231"/>
  <testcase classname="test.LogoutTest" name="TC_008_SignUnTest" time="5.694"/>
  <testcase classname="base.ProjectSpecificationMethod" name="@AfterSuite generateExtentReports" time="0.0">
    <ignored/>
  </testcase> <!-- @AfterSuite generateExtentReports -->
  <testcase classname="base.ProjectSpecificationMethod" name="@BeforeSuite reportInitialisation" time="0.0">
    <ignored/>
  </testcase> <!-- @BeforeSuite reportInitialisation -->
</testsuite> <!-- Test -->
