<?xml version="1.0" encoding="UTF-8"?>
<!-- Generated by org.testng.reporters.JUnitXMLReporter -->
<testsuite ignored="16" hostname="Maginthans-MacBook-Pro.local" failures="0" tests="15" name="Test" time="308.957" errors="0" timestamp="2024-08-20T19:21:39 IST">
  <testcase classname="test.BrokenURLValidationTest" name="TC_001_URLValidation" time="1.137"/>
  <testcase classname="test.SignInTest" name="TS_002_SignInTest" time="3.217"/>
  <testcase classname="test.SignInTest" name="TS_002_SignInTest" time="1.108"/>
  <testcase classname="test.SignInTest" name="TS_002_SignInTest" time="1.338"/>
  <testcase classname="test.SignInTest" name="TS_002_SignInTest" time="0.94"/>
  <testcase classname="test.SignInTest" name="TS_002_SignInTest" time="0.327"/>
  <testcase classname="test.LogoutTest" name="TC_008_SignUnTest" time="3.914"/>
  <testcase classname="test.SignUpTest" name="TS_004_SignUpTest" time="1.28"/>
  <testcase classname="test.SignUpTest" name="TS_004_SignUpTest" time="1.113"/>
  <testcase classname="test.SignUpTest" name="TS_004_SignUpTest" time="1.287"/>
  <testcase classname="test.TemplateCreationTest" name="TC_011_TemplateCreation" time="11.502"/>
  <testcase classname="test.DriveCreationTest" name="TC_012_TemplateCreation" time="11.531"/>
  <testcase classname="test.QlibraryTest" name="TC_013_AddNewQuestion" time="8.241"/>
  <testcase classname="test.UpadateEndPageTest" name="TC_014_UpadateEndPageDetails" time="4.734"/>
  <testcase classname="test.UserNameUpdateTest" name="TC_015_UpadateUserName" time="7.194"/>
  <testcase classname="base.ProjectSpecificationMethod" name="@BeforeSuite reportInitialisation" time="0.0">
    <ignored/>
  </testcase> <!-- @BeforeSuite reportInitialisation -->
  <testcase classname="base.ProjectSpecificationMethod" name="@BeforeSuite reportInitialisation" time="0.0">
    <ignored/>
  </testcase> <!-- @BeforeSuite reportInitialisation -->
  <testcase classname="base.ProjectSpecificationMethod" name="@AfterSuite generateExtentReports" time="0.0">
    <ignored/>
  </testcase> <!-- @AfterSuite generateExtentReports -->
  <testcase classname="base.ProjectSpecificationMethod" name="@AfterSuite generateExtentReports" time="0.0">
    <ignored/>
  </testcase> <!-- @AfterSuite generateExtentReports -->
  <testcase classname="base.ProjectSpecificationMethod" name="@AfterSuite generateExtentReports" time="0.0">
    <ignored/>
  </testcase> <!-- @AfterSuite generateExtentReports -->
  <testcase classname="base.ProjectSpecificationMethod" name="@AfterSuite generateExtentReports" time="0.0">
    <ignored/>
  </testcase> <!-- @AfterSuite generateExtentReports -->
  <testcase classname="base.ProjectSpecificationMethod" name="@BeforeSuite reportInitialisation" time="0.0">
    <ignored/>
  </testcase> <!-- @BeforeSuite reportInitialisation -->
  <testcase classname="base.ProjectSpecificationMethod" name="@BeforeSuite reportInitialisation" time="0.0">
    <ignored/>
  </testcase> <!-- @BeforeSuite reportInitialisation -->
  <testcase classname="base.ProjectSpecificationMethod" name="@BeforeSuite reportInitialisation" time="0.0">
    <ignored/>
  </testcase> <!-- @BeforeSuite reportInitialisation -->
  <testcase classname="base.ProjectSpecificationMethod" name="@AfterSuite generateExtentReports" time="0.0">
    <ignored/>
  </testcase> <!-- @AfterSuite generateExtentReports -->
  <testcase classname="base.ProjectSpecificationMethod" name="@AfterSuite generateExtentReports" time="0.0">
    <ignored/>
  </testcase> <!-- @AfterSuite generateExtentReports -->
  <testcase classname="base.ProjectSpecificationMethod" name="@AfterSuite generateExtentReports" time="0.0">
    <ignored/>
  </testcase> <!-- @AfterSuite generateExtentReports -->
  <testcase classname="base.ProjectSpecificationMethod" name="@BeforeSuite reportInitialisation" time="0.0">
    <ignored/>
  </testcase> <!-- @BeforeSuite reportInitialisation -->
  <testcase classname="base.ProjectSpecificationMethod" name="@BeforeSuite reportInitialisation" time="0.0">
    <ignored/>
  </testcase> <!-- @BeforeSuite reportInitialisation -->
  <testcase classname="base.ProjectSpecificationMethod" name="@AfterSuite generateExtentReports" time="0.0">
    <ignored/>
  </testcase> <!-- @AfterSuite generateExtentReports -->
  <testcase classname="base.ProjectSpecificationMethod" name="@BeforeSuite reportInitialisation" time="0.0">
    <ignored/>
  </testcase> <!-- @BeforeSuite reportInitialisation -->
</testsuite> <!-- Test -->
