<?xml version="1.0" encoding="UTF-8"?>
<!-- Generated by org.testng.reporters.JUnitXMLReporter -->
<testsuite ignored="14" hostname="Maginthans-MacBook-Pro.local" failures="0" tests="14" name="Test" time="175.837" errors="0" timestamp="2024-08-19T15:41:38 IST">
  <testcase classname="test.BrokenURLValidationTest" name="TC_001_URLValidation" time="0.772"/>
  <testcase classname="test.SignInTest" name="TS_002_SignInTest" time="2.082"/>
  <testcase classname="test.SignInTest" name="TS_002_SignInTest" time="0.82"/>
  <testcase classname="test.SignInTest" name="TS_002_SignInTest" time="0.736"/>
  <testcase classname="test.SignInTest" name="TS_002_SignInTest" time="0.744"/>
  <testcase classname="test.SignInTest" name="TS_002_SignInTest" time="0.305"/>
  <testcase classname="test.LogoutTest" name="TC_008_SignUnTest" time="3.371"/>
  <testcase classname="test.SignUpTest" name="TS_004_SignUpTest" time="0.951"/>
  <testcase classname="test.SignUpTest" name="TS_004_SignUpTest" time="0.78"/>
  <testcase classname="test.SignUpTest" name="TS_004_SignUpTest" time="0.845"/>
  <testcase classname="test.TemplateCreationTest" name="TC_011_TemplateCreation" time="8.533"/>
  <testcase classname="test.DriveCreationTest" name="TC_012_TemplateCreation" time="8.22"/>
  <testcase classname="test.QlibraryTest" name="TC_013_AddNewQuestion" time="10.68"/>
  <testcase classname="test.UpadateEndPageTest" name="TC_014_UpadateEndPageDetails" time="3.077"/>
  <testcase classname="base.ProjectSpecificationMethod" name="@BeforeSuite reportInitialisation" time="0.0">
    <ignored/>
  </testcase> <!-- @BeforeSuite reportInitialisation -->
  <testcase classname="base.ProjectSpecificationMethod" name="@BeforeSuite reportInitialisation" time="0.0">
    <ignored/>
  </testcase> <!-- @BeforeSuite reportInitialisation -->
  <testcase classname="base.ProjectSpecificationMethod" name="@AfterSuite generateExtentReports" time="0.0">
    <ignored/>
  </testcase> <!-- @AfterSuite generateExtentReports -->
  <testcase classname="base.ProjectSpecificationMethod" name="@AfterSuite generateExtentReports" time="0.0">
    <ignored/>
  </testcase> <!-- @AfterSuite generateExtentReports -->
  <testcase classname="base.ProjectSpecificationMethod" name="@AfterSuite generateExtentReports" time="0.0">
    <ignored/>
  </testcase> <!-- @AfterSuite generateExtentReports -->
  <testcase classname="base.ProjectSpecificationMethod" name="@AfterSuite generateExtentReports" time="0.0">
    <ignored/>
  </testcase> <!-- @AfterSuite generateExtentReports -->
  <testcase classname="base.ProjectSpecificationMethod" name="@BeforeSuite reportInitialisation" time="0.0">
    <ignored/>
  </testcase> <!-- @BeforeSuite reportInitialisation -->
  <testcase classname="base.ProjectSpecificationMethod" name="@AfterSuite generateExtentReports" time="0.0">
    <ignored/>
  </testcase> <!-- @AfterSuite generateExtentReports -->
  <testcase classname="base.ProjectSpecificationMethod" name="@BeforeSuite reportInitialisation" time="0.0">
    <ignored/>
  </testcase> <!-- @BeforeSuite reportInitialisation -->
  <testcase classname="base.ProjectSpecificationMethod" name="@AfterSuite generateExtentReports" time="0.0">
    <ignored/>
  </testcase> <!-- @AfterSuite generateExtentReports -->
  <testcase classname="base.ProjectSpecificationMethod" name="@BeforeSuite reportInitialisation" time="0.0">
    <ignored/>
  </testcase> <!-- @BeforeSuite reportInitialisation -->
  <testcase classname="base.ProjectSpecificationMethod" name="@BeforeSuite reportInitialisation" time="0.0">
    <ignored/>
  </testcase> <!-- @BeforeSuite reportInitialisation -->
  <testcase classname="base.ProjectSpecificationMethod" name="@BeforeSuite reportInitialisation" time="0.0">
    <ignored/>
  </testcase> <!-- @BeforeSuite reportInitialisation -->
  <testcase classname="base.ProjectSpecificationMethod" name="@AfterSuite generateExtentReports" time="0.0">
    <ignored/>
  </testcase> <!-- @AfterSuite generateExtentReports -->
</testsuite> <!-- Test -->
