<?xml version="1.0" encoding="UTF-8"?>
<testng-results ignored="0" total="1" passed="1" failed="0" skipped="0">
  <reporter-output>
  </reporter-output>
  <suite started-at="2024-08-17T21:06:13 IST" name="Suite" finished-at="2024-08-17T21:06:22 IST" duration-ms="9523">
    <groups>
    </groups>
    <test started-at="2024-08-17T21:06:13 IST" name="Test" finished-at="2024-08-17T21:06:22 IST" duration-ms="9523">
      <class name="test.BrokenURLValidationTest">
        <test-method is-config="true" signature="reportInitialisation()[pri:0, instance:test.BrokenURLValidationTest@48f278eb]" started-at="2024-08-17T21:06:12 IST" name="reportInitialisation" finished-at="2024-08-17T21:06:13 IST" duration-ms="279" status="PASS">
          <reporter-output>
          </reporter-output>
        </test-method> <!-- reportInitialisation -->
        <test-method is-config="true" signature="fileSetup()[pri:0, instance:test.BrokenURLValidationTest@48f278eb]" started-at="2024-08-17T21:06:13 IST" name="fileSetup" finished-at="2024-08-17T21:06:13 IST" duration-ms="0" status="PASS">
          <reporter-output>
          </reporter-output>
        </test-method> <!-- fileSetup -->
        <test-method is-config="true" signature="createExtentTest()[pri:0, instance:test.BrokenURLValidationTest@48f278eb]" started-at="2024-08-17T21:06:13 IST" name="createExtentTest" finished-at="2024-08-17T21:06:13 IST" duration-ms="10" status="PASS">
          <reporter-output>
          </reporter-output>
        </test-method> <!-- createExtentTest -->
        <test-method is-config="true" signature="browserLaunch(java.lang.String,java.lang.String)[pri:0, instance:test.BrokenURLValidationTest@48f278eb]" started-at="2024-08-17T21:06:13 IST" name="browserLaunch" finished-at="2024-08-17T21:06:21 IST" duration-ms="8636" status="PASS">
          <params>
            <param index="0">
              <value>
                <![CDATA[Chrome]]>
              </value>
            </param>
            <param index="1">
              <value>
                <![CDATA[https://app.hyrenet.in/]]>
              </value>
            </param>
          </params>
          <reporter-output>
          </reporter-output>
        </test-method> <!-- browserLaunch -->
        <test-method signature="TC_001_URLValidation(java.lang.String)[pri:0, instance:test.BrokenURLValidationTest@48f278eb]" started-at="2024-08-17T21:06:21 IST" name="TC_001_URLValidation" finished-at="2024-08-17T21:06:22 IST" duration-ms="649" status="PASS">
          <params>
            <param index="0">
              <value>
                <![CDATA[https://app.hyrenet.in/]]>
              </value>
            </param>
          </params>
          <reporter-output>
          </reporter-output>
        </test-method> <!-- TC_001_URLValidation -->
        <test-method is-config="true" signature="browserClose()[pri:0, instance:test.BrokenURLValidationTest@48f278eb]" started-at="2024-08-17T21:06:22 IST" name="browserClose" finished-at="2024-08-17T21:06:22 IST" duration-ms="188" status="PASS">
          <reporter-output>
          </reporter-output>
        </test-method> <!-- browserClose -->
        <test-method is-config="true" signature="generateExtentReports()[pri:0, instance:test.BrokenURLValidationTest@48f278eb]" started-at="2024-08-17T21:06:22 IST" name="generateExtentReports" finished-at="2024-08-17T21:06:23 IST" duration-ms="462" status="PASS">
          <reporter-output>
          </reporter-output>
        </test-method> <!-- generateExtentReports -->
      </class> <!-- test.BrokenURLValidationTest -->
    </test> <!-- Test -->
  </suite> <!-- Suite -->
</testng-results>
