<?xml version="1.0" encoding="UTF-8"?>
<testng-results ignored="0" total="15" passed="15" failed="0" skipped="0">
  <reporter-output>
  </reporter-output>
  <suite started-at="2024-08-20T19:16:30 IST" name="Suite" finished-at="2024-08-20T19:21:39 IST" duration-ms="308957">
    <groups>
    </groups>
    <test started-at="2024-08-20T19:16:30 IST" name="Test" finished-at="2024-08-20T19:21:39 IST" duration-ms="308957">
      <class name="test.SignUpTest">
        <test-method is-config="true" signature="fileSetup()[pri:0, instance:test.SignUpTest@2805d709]" started-at="2024-08-20T19:16:30 IST" name="fileSetup" finished-at="2024-08-20T19:16:30 IST" duration-ms="0" status="PASS">
          <reporter-output>
          </reporter-output>
        </test-method> <!-- fileSetup -->
        <test-method is-config="true" signature="createExtentTest()[pri:0, instance:test.SignUpTest@2805d709]" started-at="2024-08-20T19:18:40 IST" name="createExtentTest" finished-at="2024-08-20T19:18:40 IST" duration-ms="0" status="PASS">
          <reporter-output>
          </reporter-output>
        </test-method> <!-- createExtentTest -->
        <test-method is-config="true" signature="browserLaunch(java.lang.String,java.lang.String)[pri:0, instance:test.SignUpTest@2805d709]" started-at="2024-08-20T19:18:40 IST" name="browserLaunch" finished-at="2024-08-20T19:18:53 IST" duration-ms="12750" status="PASS">
          <params>
            <param index="0">
              <value>
                <![CDATA[Chrome]]>
              </value>
            </param>
            <param index="1">
              <value>
                <![CDATA[https://app.hyrenet.in/]]>
              </value>
            </param>
          </params>
          <reporter-output>
          </reporter-output>
        </test-method> <!-- browserLaunch -->
        <test-method signature="TS_004_SignUpTest(java.lang.String,java.lang.String)[pri:0, instance:test.SignUpTest@2805d709]" started-at="2024-08-20T19:18:53 IST" name="TS_004_SignUpTest" data-provider="ReadfromExcel" finished-at="2024-08-20T19:18:54 IST" duration-ms="1280" status="PASS">
          <params>
            <param index="0">
              <value>
                <![CDATA[Maiidf@iir]]>
              </value>
            </param>
            <param index="1">
              <value>
                <![CDATA[TC_008_SignUpTest]]>
              </value>
            </param>
          </params>
          <reporter-output>
          </reporter-output>
        </test-method> <!-- TS_004_SignUpTest -->
        <test-method is-config="true" signature="browserClose()[pri:0, instance:test.SignUpTest@2805d709]" started-at="2024-08-20T19:18:54 IST" name="browserClose" finished-at="2024-08-20T19:18:54 IST" duration-ms="78" status="PASS">
          <reporter-output>
          </reporter-output>
        </test-method> <!-- browserClose -->
        <test-method is-config="true" signature="browserLaunch(java.lang.String,java.lang.String)[pri:0, instance:test.SignUpTest@2805d709]" started-at="2024-08-20T19:18:54 IST" name="browserLaunch" finished-at="2024-08-20T19:19:20 IST" duration-ms="26141" status="PASS">
          <params>
            <param index="0">
              <value>
                <![CDATA[Chrome]]>
              </value>
            </param>
            <param index="1">
              <value>
                <![CDATA[https://app.hyrenet.in/]]>
              </value>
            </param>
          </params>
          <reporter-output>
          </reporter-output>
        </test-method> <!-- browserLaunch -->
        <test-method signature="TS_004_SignUpTest(java.lang.String,java.lang.String)[pri:0, instance:test.SignUpTest@2805d709]" started-at="2024-08-20T19:19:20 IST" name="TS_004_SignUpTest" data-provider="ReadfromExcel" finished-at="2024-08-20T19:19:21 IST" duration-ms="1113" status="PASS">
          <params>
            <param index="0">
              <value>
                <![CDATA[Maginthanofficial1@gmail.com]]>
              </value>
            </param>
            <param index="1">
              <value>
                <![CDATA[TC_009_SignUpTest]]>
              </value>
            </param>
          </params>
          <reporter-output>
          </reporter-output>
        </test-method> <!-- TS_004_SignUpTest -->
        <test-method is-config="true" signature="browserClose()[pri:0, instance:test.SignUpTest@2805d709]" started-at="2024-08-20T19:19:21 IST" name="browserClose" finished-at="2024-08-20T19:19:21 IST" duration-ms="87" status="PASS">
          <reporter-output>
          </reporter-output>
        </test-method> <!-- browserClose -->
        <test-method is-config="true" signature="browserLaunch(java.lang.String,java.lang.String)[pri:0, instance:test.SignUpTest@2805d709]" started-at="2024-08-20T19:19:21 IST" name="browserLaunch" finished-at="2024-08-20T19:19:39 IST" duration-ms="17268" status="PASS">
          <params>
            <param index="0">
              <value>
                <![CDATA[Chrome]]>
              </value>
            </param>
            <param index="1">
              <value>
                <![CDATA[https://app.hyrenet.in/]]>
              </value>
            </param>
          </params>
          <reporter-output>
          </reporter-output>
        </test-method> <!-- browserLaunch -->
        <test-method signature="TS_004_SignUpTest(java.lang.String,java.lang.String)[pri:0, instance:test.SignUpTest@2805d709]" started-at="2024-08-20T19:19:39 IST" name="TS_004_SignUpTest" data-provider="ReadfromExcel" finished-at="2024-08-20T19:19:40 IST" duration-ms="1287" status="PASS">
          <params>
            <param index="0">
              <value>
                <![CDATA[]]>
              </value>
            </param>
            <param index="1">
              <value>
                <![CDATA[TC_010_SignUpTest]]>
              </value>
            </param>
          </params>
          <reporter-output>
          </reporter-output>
        </test-method> <!-- TS_004_SignUpTest -->
        <test-method is-config="true" signature="browserClose()[pri:0, instance:test.SignUpTest@2805d709]" started-at="2024-08-20T19:19:40 IST" name="browserClose" finished-at="2024-08-20T19:19:40 IST" duration-ms="222" status="PASS">
          <reporter-output>
          </reporter-output>
        </test-method> <!-- browserClose -->
      </class> <!-- test.SignUpTest -->
      <class name="test.UpadateEndPageTest">
        <test-method is-config="true" signature="fileSetup()[pri:0, instance:test.UpadateEndPageTest@3c7f66c4]" started-at="2024-08-20T19:16:30 IST" name="fileSetup" finished-at="2024-08-20T19:16:30 IST" duration-ms="0" status="PASS">
          <reporter-output>
          </reporter-output>
        </test-method> <!-- fileSetup -->
        <test-method is-config="true" signature="createExtentTest()[pri:0, instance:test.UpadateEndPageTest@3c7f66c4]" started-at="2024-08-20T19:21:04 IST" name="createExtentTest" finished-at="2024-08-20T19:21:04 IST" duration-ms="1" status="PASS">
          <reporter-output>
          </reporter-output>
        </test-method> <!-- createExtentTest -->
        <test-method is-config="true" signature="browserLaunch(java.lang.String,java.lang.String)[pri:0, instance:test.UpadateEndPageTest@3c7f66c4]" started-at="2024-08-20T19:21:04 IST" name="browserLaunch" finished-at="2024-08-20T19:21:14 IST" duration-ms="10375" status="PASS">
          <params>
            <param index="0">
              <value>
                <![CDATA[Chrome]]>
              </value>
            </param>
            <param index="1">
              <value>
                <![CDATA[https://app.hyrenet.in/]]>
              </value>
            </param>
          </params>
          <reporter-output>
          </reporter-output>
        </test-method> <!-- browserLaunch -->
        <test-method signature="TC_014_UpadateEndPageDetails()[pri:0, instance:test.UpadateEndPageTest@3c7f66c4]" started-at="2024-08-20T19:21:14 IST" name="TC_014_UpadateEndPageDetails" finished-at="2024-08-20T19:21:19 IST" duration-ms="4734" status="PASS">
          <reporter-output>
          </reporter-output>
        </test-method> <!-- TC_014_UpadateEndPageDetails -->
        <test-method is-config="true" signature="browserClose()[pri:0, instance:test.UpadateEndPageTest@3c7f66c4]" started-at="2024-08-20T19:21:19 IST" name="browserClose" finished-at="2024-08-20T19:21:19 IST" duration-ms="168" status="PASS">
          <reporter-output>
          </reporter-output>
        </test-method> <!-- browserClose -->
      </class> <!-- test.UpadateEndPageTest -->
      <class name="test.QlibraryTest">
        <test-method is-config="true" signature="fileSetup()[pri:0, instance:test.QlibraryTest@3a44431a]" started-at="2024-08-20T19:16:30 IST" name="fileSetup" finished-at="2024-08-20T19:16:30 IST" duration-ms="0" status="PASS">
          <reporter-output>
          </reporter-output>
        </test-method> <!-- fileSetup -->
        <test-method is-config="true" signature="createExtentTest()[pri:0, instance:test.QlibraryTest@3a44431a]" started-at="2024-08-20T19:20:44 IST" name="createExtentTest" finished-at="2024-08-20T19:20:44 IST" duration-ms="1" status="PASS">
          <reporter-output>
          </reporter-output>
        </test-method> <!-- createExtentTest -->
        <test-method is-config="true" signature="browserLaunch(java.lang.String,java.lang.String)[pri:0, instance:test.QlibraryTest@3a44431a]" started-at="2024-08-20T19:20:44 IST" name="browserLaunch" finished-at="2024-08-20T19:20:56 IST" duration-ms="11435" status="PASS">
          <params>
            <param index="0">
              <value>
                <![CDATA[Chrome]]>
              </value>
            </param>
            <param index="1">
              <value>
                <![CDATA[https://app.hyrenet.in/]]>
              </value>
            </param>
          </params>
          <reporter-output>
          </reporter-output>
        </test-method> <!-- browserLaunch -->
        <test-method signature="TC_013_AddNewQuestion()[pri:0, instance:test.QlibraryTest@3a44431a]" started-at="2024-08-20T19:20:56 IST" name="TC_013_AddNewQuestion" finished-at="2024-08-20T19:21:04 IST" duration-ms="8241" status="PASS">
          <reporter-output>
          </reporter-output>
        </test-method> <!-- TC_013_AddNewQuestion -->
        <test-method is-config="true" signature="browserClose()[pri:0, instance:test.QlibraryTest@3a44431a]" started-at="2024-08-20T19:21:04 IST" name="browserClose" finished-at="2024-08-20T19:21:04 IST" duration-ms="117" status="PASS">
          <reporter-output>
          </reporter-output>
        </test-method> <!-- browserClose -->
      </class> <!-- test.QlibraryTest -->
      <class name="test.UserNameUpdateTest">
        <test-method is-config="true" signature="fileSetup()[pri:0, instance:test.UserNameUpdateTest@194bcebf]" started-at="2024-08-20T19:16:30 IST" name="fileSetup" finished-at="2024-08-20T19:16:30 IST" duration-ms="0" status="PASS">
          <reporter-output>
          </reporter-output>
        </test-method> <!-- fileSetup -->
        <test-method is-config="true" signature="createExtentTest()[pri:0, instance:test.UserNameUpdateTest@194bcebf]" started-at="2024-08-20T19:21:19 IST" name="createExtentTest" finished-at="2024-08-20T19:21:19 IST" duration-ms="1" status="PASS">
          <reporter-output>
          </reporter-output>
        </test-method> <!-- createExtentTest -->
        <test-method is-config="true" signature="browserLaunch(java.lang.String,java.lang.String)[pri:0, instance:test.UserNameUpdateTest@194bcebf]" started-at="2024-08-20T19:21:19 IST" name="browserLaunch" finished-at="2024-08-20T19:21:31 IST" duration-ms="11954" status="PASS">
          <params>
            <param index="0">
              <value>
                <![CDATA[Chrome]]>
              </value>
            </param>
            <param index="1">
              <value>
                <![CDATA[https://app.hyrenet.in/]]>
              </value>
            </param>
          </params>
          <reporter-output>
          </reporter-output>
        </test-method> <!-- browserLaunch -->
        <test-method signature="TC_015_UpadateUserName()[pri:0, instance:test.UserNameUpdateTest@194bcebf]" started-at="2024-08-20T19:21:31 IST" name="TC_015_UpadateUserName" finished-at="2024-08-20T19:21:39 IST" duration-ms="7194" status="PASS">
          <reporter-output>
          </reporter-output>
        </test-method> <!-- TC_015_UpadateUserName -->
        <test-method is-config="true" signature="browserClose()[pri:0, instance:test.UserNameUpdateTest@194bcebf]" started-at="2024-08-20T19:21:39 IST" name="browserClose" finished-at="2024-08-20T19:21:39 IST" duration-ms="138" status="PASS">
          <reporter-output>
          </reporter-output>
        </test-method> <!-- browserClose -->
      </class> <!-- test.UserNameUpdateTest -->
      <class name="test.TemplateCreationTest">
        <test-method is-config="true" signature="fileSetup()[pri:0, instance:test.TemplateCreationTest@3ee37e5a]" started-at="2024-08-20T19:16:30 IST" name="fileSetup" finished-at="2024-08-20T19:16:30 IST" duration-ms="0" status="PASS">
          <reporter-output>
          </reporter-output>
        </test-method> <!-- fileSetup -->
        <test-method is-config="true" signature="browserLaunch(java.lang.String,java.lang.String)[pri:0, instance:test.TemplateCreationTest@3ee37e5a]" started-at="2024-08-20T19:19:40 IST" name="browserLaunch" finished-at="2024-08-20T19:20:13 IST" duration-ms="33198" status="PASS">
          <params>
            <param index="0">
              <value>
                <![CDATA[Chrome]]>
              </value>
            </param>
            <param index="1">
              <value>
                <![CDATA[https://app.hyrenet.in/]]>
              </value>
            </param>
          </params>
          <reporter-output>
          </reporter-output>
        </test-method> <!-- browserLaunch -->
        <test-method is-config="true" signature="createExtentTest()[pri:0, instance:test.TemplateCreationTest@3ee37e5a]" started-at="2024-08-20T19:19:40 IST" name="createExtentTest" finished-at="2024-08-20T19:19:40 IST" duration-ms="0" status="PASS">
          <reporter-output>
          </reporter-output>
        </test-method> <!-- createExtentTest -->
        <test-method signature="TC_011_TemplateCreation()[pri:0, instance:test.TemplateCreationTest@3ee37e5a]" started-at="2024-08-20T19:20:13 IST" name="TC_011_TemplateCreation" finished-at="2024-08-20T19:20:25 IST" duration-ms="11502" status="PASS">
          <reporter-output>
          </reporter-output>
        </test-method> <!-- TC_011_TemplateCreation -->
        <test-method is-config="true" signature="browserClose()[pri:0, instance:test.TemplateCreationTest@3ee37e5a]" started-at="2024-08-20T19:20:25 IST" name="browserClose" finished-at="2024-08-20T19:20:25 IST" duration-ms="169" status="PASS">
          <reporter-output>
          </reporter-output>
        </test-method> <!-- browserClose -->
      </class> <!-- test.TemplateCreationTest -->
      <class name="test.BrokenURLValidationTest">
        <test-method is-config="true" signature="reportInitialisation()[pri:0, instance:test.BrokenURLValidationTest@485966cc]" started-at="2024-08-20T19:16:29 IST" name="reportInitialisation" finished-at="2024-08-20T19:16:30 IST" duration-ms="279" status="PASS">
          <reporter-output>
          </reporter-output>
        </test-method> <!-- reportInitialisation -->
        <test-method is-config="true" signature="fileSetup()[pri:0, instance:test.BrokenURLValidationTest@485966cc]" started-at="2024-08-20T19:16:30 IST" name="fileSetup" finished-at="2024-08-20T19:16:30 IST" duration-ms="1" status="PASS">
          <reporter-output>
          </reporter-output>
        </test-method> <!-- fileSetup -->
        <test-method is-config="true" signature="createExtentTest()[pri:0, instance:test.BrokenURLValidationTest@485966cc]" started-at="2024-08-20T19:16:30 IST" name="createExtentTest" finished-at="2024-08-20T19:16:30 IST" duration-ms="7" status="PASS">
          <reporter-output>
          </reporter-output>
        </test-method> <!-- createExtentTest -->
        <test-method is-config="true" signature="browserLaunch(java.lang.String,java.lang.String)[pri:0, instance:test.BrokenURLValidationTest@485966cc]" started-at="2024-08-20T19:16:30 IST" name="browserLaunch" finished-at="2024-08-20T19:16:47 IST" duration-ms="17140" status="PASS">
          <params>
            <param index="0">
              <value>
                <![CDATA[Chrome]]>
              </value>
            </param>
            <param index="1">
              <value>
                <![CDATA[https://app.hyrenet.in/]]>
              </value>
            </param>
          </params>
          <reporter-output>
          </reporter-output>
        </test-method> <!-- browserLaunch -->
        <test-method signature="TC_001_URLValidation(java.lang.String)[pri:0, instance:test.BrokenURLValidationTest@485966cc]" started-at="2024-08-20T19:16:47 IST" name="TC_001_URLValidation" finished-at="2024-08-20T19:16:48 IST" duration-ms="1137" status="PASS">
          <params>
            <param index="0">
              <value>
                <![CDATA[https://app.hyrenet.in/]]>
              </value>
            </param>
          </params>
          <reporter-output>
          </reporter-output>
        </test-method> <!-- TC_001_URLValidation -->
        <test-method is-config="true" signature="browserClose()[pri:0, instance:test.BrokenURLValidationTest@485966cc]" started-at="2024-08-20T19:16:48 IST" name="browserClose" finished-at="2024-08-20T19:16:48 IST" duration-ms="147" status="PASS">
          <reporter-output>
          </reporter-output>
        </test-method> <!-- browserClose -->
        <test-method is-config="true" signature="generateExtentReports()[pri:0, instance:test.BrokenURLValidationTest@485966cc]" started-at="2024-08-20T19:21:39 IST" name="generateExtentReports" finished-at="2024-08-20T19:21:39 IST" duration-ms="288" status="PASS">
          <reporter-output>
          </reporter-output>
        </test-method> <!-- generateExtentReports -->
      </class> <!-- test.BrokenURLValidationTest -->
      <class name="test.DriveCreationTest">
        <test-method is-config="true" signature="fileSetup()[pri:0, instance:test.DriveCreationTest@2ea41516]" started-at="2024-08-20T19:16:30 IST" name="fileSetup" finished-at="2024-08-20T19:16:30 IST" duration-ms="0" status="PASS">
          <reporter-output>
          </reporter-output>
        </test-method> <!-- fileSetup -->
        <test-method is-config="true" signature="createExtentTest()[pri:0, instance:test.DriveCreationTest@2ea41516]" started-at="2024-08-20T19:20:25 IST" name="createExtentTest" finished-at="2024-08-20T19:20:25 IST" duration-ms="0" status="PASS">
          <reporter-output>
          </reporter-output>
        </test-method> <!-- createExtentTest -->
        <test-method is-config="true" signature="browserLaunch(java.lang.String,java.lang.String)[pri:0, instance:test.DriveCreationTest@2ea41516]" started-at="2024-08-20T19:20:25 IST" name="browserLaunch" finished-at="2024-08-20T19:20:33 IST" duration-ms="7608" status="PASS">
          <params>
            <param index="0">
              <value>
                <![CDATA[Chrome]]>
              </value>
            </param>
            <param index="1">
              <value>
                <![CDATA[https://app.hyrenet.in/]]>
              </value>
            </param>
          </params>
          <reporter-output>
          </reporter-output>
        </test-method> <!-- browserLaunch -->
        <test-method signature="TC_012_TemplateCreation()[pri:0, instance:test.DriveCreationTest@2ea41516]" started-at="2024-08-20T19:20:33 IST" name="TC_012_TemplateCreation" finished-at="2024-08-20T19:20:44 IST" duration-ms="11531" status="PASS">
          <reporter-output>
          </reporter-output>
        </test-method> <!-- TC_012_TemplateCreation -->
        <test-method is-config="true" signature="browserClose()[pri:0, instance:test.DriveCreationTest@2ea41516]" started-at="2024-08-20T19:20:44 IST" name="browserClose" finished-at="2024-08-20T19:20:44 IST" duration-ms="130" status="PASS">
          <reporter-output>
          </reporter-output>
        </test-method> <!-- browserClose -->
      </class> <!-- test.DriveCreationTest -->
      <class name="test.SignInTest">
        <test-method is-config="true" signature="fileSetup()[pri:0, instance:test.SignInTest@434a63ab]" started-at="2024-08-20T19:16:30 IST" name="fileSetup" finished-at="2024-08-20T19:16:30 IST" duration-ms="1" status="PASS">
          <reporter-output>
          </reporter-output>
        </test-method> <!-- fileSetup -->
        <test-method is-config="true" signature="createExtentTest()[pri:0, instance:test.SignInTest@434a63ab]" started-at="2024-08-20T19:16:48 IST" name="createExtentTest" finished-at="2024-08-20T19:16:48 IST" duration-ms="1" status="PASS">
          <reporter-output>
          </reporter-output>
        </test-method> <!-- createExtentTest -->
        <test-method is-config="true" signature="browserLaunch(java.lang.String,java.lang.String)[pri:0, instance:test.SignInTest@434a63ab]" started-at="2024-08-20T19:16:49 IST" name="browserLaunch" finished-at="2024-08-20T19:17:01 IST" duration-ms="11675" status="PASS">
          <params>
            <param index="0">
              <value>
                <![CDATA[Chrome]]>
              </value>
            </param>
            <param index="1">
              <value>
                <![CDATA[https://app.hyrenet.in/]]>
              </value>
            </param>
          </params>
          <reporter-output>
          </reporter-output>
        </test-method> <!-- browserLaunch -->
        <test-method signature="TS_002_SignInTest(java.lang.String,java.lang.String,java.lang.String)[pri:0, instance:test.SignInTest@434a63ab]" started-at="2024-08-20T19:17:01 IST" name="TS_002_SignInTest" data-provider="ReadfromExcel" finished-at="2024-08-20T19:17:04 IST" duration-ms="3217" status="PASS">
          <params>
            <param index="0">
              <value>
                <![CDATA[hyrenet+bugathon@guvi.in]]>
              </value>
            </param>
            <param index="1">
              <value>
                <![CDATA[hyrenettest@123]]>
              </value>
            </param>
            <param index="2">
              <value>
                <![CDATA[TC_002_SignInTest]]>
              </value>
            </param>
          </params>
          <reporter-output>
          </reporter-output>
        </test-method> <!-- TS_002_SignInTest -->
        <test-method is-config="true" signature="browserClose()[pri:0, instance:test.SignInTest@434a63ab]" started-at="2024-08-20T19:17:04 IST" name="browserClose" finished-at="2024-08-20T19:17:04 IST" duration-ms="138" status="PASS">
          <reporter-output>
          </reporter-output>
        </test-method> <!-- browserClose -->
        <test-method is-config="true" signature="browserLaunch(java.lang.String,java.lang.String)[pri:0, instance:test.SignInTest@434a63ab]" started-at="2024-08-20T19:17:04 IST" name="browserLaunch" finished-at="2024-08-20T19:17:20 IST" duration-ms="15575" status="PASS">
          <params>
            <param index="0">
              <value>
                <![CDATA[Chrome]]>
              </value>
            </param>
            <param index="1">
              <value>
                <![CDATA[https://app.hyrenet.in/]]>
              </value>
            </param>
          </params>
          <reporter-output>
          </reporter-output>
        </test-method> <!-- browserLaunch -->
        <test-method signature="TS_002_SignInTest(java.lang.String,java.lang.String,java.lang.String)[pri:0, instance:test.SignInTest@434a63ab]" started-at="2024-08-20T19:17:20 IST" name="TS_002_SignInTest" data-provider="ReadfromExcel" finished-at="2024-08-20T19:17:21 IST" duration-ms="1108" status="PASS">
          <params>
            <param index="0">
              <value>
                <![CDATA[hyrenet+bugathon@guvi.in]]>
              </value>
            </param>
            <param index="1">
              <value>
                <![CDATA[hyrenettest@12456]]>
              </value>
            </param>
            <param index="2">
              <value>
                <![CDATA[TC_003_SignInTest]]>
              </value>
            </param>
          </params>
          <reporter-output>
          </reporter-output>
        </test-method> <!-- TS_002_SignInTest -->
        <test-method is-config="true" signature="browserClose()[pri:0, instance:test.SignInTest@434a63ab]" started-at="2024-08-20T19:17:21 IST" name="browserClose" finished-at="2024-08-20T19:17:21 IST" duration-ms="318" status="PASS">
          <reporter-output>
          </reporter-output>
        </test-method> <!-- browserClose -->
        <test-method is-config="true" signature="browserLaunch(java.lang.String,java.lang.String)[pri:0, instance:test.SignInTest@434a63ab]" started-at="2024-08-20T19:17:21 IST" name="browserLaunch" finished-at="2024-08-20T19:17:40 IST" duration-ms="18524" status="PASS">
          <params>
            <param index="0">
              <value>
                <![CDATA[Chrome]]>
              </value>
            </param>
            <param index="1">
              <value>
                <![CDATA[https://app.hyrenet.in/]]>
              </value>
            </param>
          </params>
          <reporter-output>
          </reporter-output>
        </test-method> <!-- browserLaunch -->
        <test-method signature="TS_002_SignInTest(java.lang.String,java.lang.String,java.lang.String)[pri:0, instance:test.SignInTest@434a63ab]" started-at="2024-08-20T19:17:40 IST" name="TS_002_SignInTest" data-provider="ReadfromExcel" finished-at="2024-08-20T19:17:41 IST" duration-ms="1338" status="PASS">
          <params>
            <param index="0">
              <value>
                <![CDATA[hyrenet+bugathoner@guvi.in]]>
              </value>
            </param>
            <param index="1">
              <value>
                <![CDATA[hyrenettest@123]]>
              </value>
            </param>
            <param index="2">
              <value>
                <![CDATA[TC_004_SignInTest]]>
              </value>
            </param>
          </params>
          <reporter-output>
          </reporter-output>
        </test-method> <!-- TS_002_SignInTest -->
        <test-method is-config="true" signature="browserClose()[pri:0, instance:test.SignInTest@434a63ab]" started-at="2024-08-20T19:17:41 IST" name="browserClose" finished-at="2024-08-20T19:17:41 IST" duration-ms="283" status="PASS">
          <reporter-output>
          </reporter-output>
        </test-method> <!-- browserClose -->
        <test-method is-config="true" signature="browserLaunch(java.lang.String,java.lang.String)[pri:0, instance:test.SignInTest@434a63ab]" started-at="2024-08-20T19:17:41 IST" name="browserLaunch" finished-at="2024-08-20T19:18:00 IST" duration-ms="18675" status="PASS">
          <params>
            <param index="0">
              <value>
                <![CDATA[Chrome]]>
              </value>
            </param>
            <param index="1">
              <value>
                <![CDATA[https://app.hyrenet.in/]]>
              </value>
            </param>
          </params>
          <reporter-output>
          </reporter-output>
        </test-method> <!-- browserLaunch -->
        <test-method signature="TS_002_SignInTest(java.lang.String,java.lang.String,java.lang.String)[pri:0, instance:test.SignInTest@434a63ab]" started-at="2024-08-20T19:18:00 IST" name="TS_002_SignInTest" data-provider="ReadfromExcel" finished-at="2024-08-20T19:18:01 IST" duration-ms="940" status="PASS">
          <params>
            <param index="0">
              <value>
                <![CDATA[hyrenet+bugathoner@guvi.in]]>
              </value>
            </param>
            <param index="1">
              <value>
                <![CDATA[hyrenettest@12456]]>
              </value>
            </param>
            <param index="2">
              <value>
                <![CDATA[TC_005_SignInTest]]>
              </value>
            </param>
          </params>
          <reporter-output>
          </reporter-output>
        </test-method> <!-- TS_002_SignInTest -->
        <test-method is-config="true" signature="browserClose()[pri:0, instance:test.SignInTest@434a63ab]" started-at="2024-08-20T19:18:01 IST" name="browserClose" finished-at="2024-08-20T19:18:01 IST" duration-ms="325" status="PASS">
          <reporter-output>
          </reporter-output>
        </test-method> <!-- browserClose -->
        <test-method is-config="true" signature="browserLaunch(java.lang.String,java.lang.String)[pri:0, instance:test.SignInTest@434a63ab]" started-at="2024-08-20T19:18:01 IST" name="browserLaunch" finished-at="2024-08-20T19:18:22 IST" duration-ms="20899" status="PASS">
          <params>
            <param index="0">
              <value>
                <![CDATA[Chrome]]>
              </value>
            </param>
            <param index="1">
              <value>
                <![CDATA[https://app.hyrenet.in/]]>
              </value>
            </param>
          </params>
          <reporter-output>
          </reporter-output>
        </test-method> <!-- browserLaunch -->
        <test-method signature="TS_002_SignInTest(java.lang.String,java.lang.String,java.lang.String)[pri:0, instance:test.SignInTest@434a63ab]" started-at="2024-08-20T19:18:22 IST" name="TS_002_SignInTest" data-provider="ReadfromExcel" finished-at="2024-08-20T19:18:22 IST" duration-ms="327" status="PASS">
          <params>
            <param index="0">
              <value>
                <![CDATA[]]>
              </value>
            </param>
            <param index="1">
              <value>
                <![CDATA[]]>
              </value>
            </param>
            <param index="2">
              <value>
                <![CDATA[TC_006_SignInTest]]>
              </value>
            </param>
          </params>
          <reporter-output>
          </reporter-output>
        </test-method> <!-- TS_002_SignInTest -->
        <test-method is-config="true" signature="browserClose()[pri:0, instance:test.SignInTest@434a63ab]" started-at="2024-08-20T19:18:22 IST" name="browserClose" finished-at="2024-08-20T19:18:22 IST" duration-ms="171" status="PASS">
          <reporter-output>
          </reporter-output>
        </test-method> <!-- browserClose -->
      </class> <!-- test.SignInTest -->
      <class name="test.LogoutTest">
        <test-method is-config="true" signature="fileSetup()[pri:0, instance:test.LogoutTest@6e0f5f7f]" started-at="2024-08-20T19:16:30 IST" name="fileSetup" finished-at="2024-08-20T19:16:30 IST" duration-ms="0" status="PASS">
          <reporter-output>
          </reporter-output>
        </test-method> <!-- fileSetup -->
        <test-method is-config="true" signature="createExtentTest()[pri:0, instance:test.LogoutTest@6e0f5f7f]" started-at="2024-08-20T19:18:22 IST" name="createExtentTest" finished-at="2024-08-20T19:18:22 IST" duration-ms="0" status="PASS">
          <reporter-output>
          </reporter-output>
        </test-method> <!-- createExtentTest -->
        <test-method is-config="true" signature="browserLaunch(java.lang.String,java.lang.String)[pri:0, instance:test.LogoutTest@6e0f5f7f]" started-at="2024-08-20T19:18:23 IST" name="browserLaunch" finished-at="2024-08-20T19:18:36 IST" duration-ms="13270" status="PASS">
          <params>
            <param index="0">
              <value>
                <![CDATA[Chrome]]>
              </value>
            </param>
            <param index="1">
              <value>
                <![CDATA[https://app.hyrenet.in/]]>
              </value>
            </param>
          </params>
          <reporter-output>
          </reporter-output>
        </test-method> <!-- browserLaunch -->
        <test-method signature="TC_008_SignUnTest()[pri:0, instance:test.LogoutTest@6e0f5f7f]" started-at="2024-08-20T19:18:36 IST" name="TC_008_SignUnTest" finished-at="2024-08-20T19:18:40 IST" duration-ms="3914" status="PASS">
          <reporter-output>
          </reporter-output>
        </test-method> <!-- TC_008_SignUnTest -->
        <test-method is-config="true" signature="browserClose()[pri:0, instance:test.LogoutTest@6e0f5f7f]" started-at="2024-08-20T19:18:40 IST" name="browserClose" finished-at="2024-08-20T19:18:40 IST" duration-ms="169" status="PASS">
          <reporter-output>
          </reporter-output>
        </test-method> <!-- browserClose -->
      </class> <!-- test.LogoutTest -->
    </test> <!-- Test -->
  </suite> <!-- Suite -->
</testng-results>
