<?xml version="1.0" encoding="UTF-8"?>
<testng-results ignored="0" total="1" passed="1" failed="0" skipped="0">
  <reporter-output>
  </reporter-output>
  <suite started-at="2024-08-18T02:41:04 IST" name="Suite" finished-at="2024-08-18T02:41:18 IST" duration-ms="13817">
    <groups>
    </groups>
    <test started-at="2024-08-18T02:41:04 IST" name="Test" finished-at="2024-08-18T02:41:18 IST" duration-ms="13817">
      <class name="test.TemplateCreationTest">
        <test-method is-config="true" signature="reportInitialisation()[pri:0, instance:test.TemplateCreationTest@79e4c792]" started-at="2024-08-18T02:41:04 IST" name="reportInitialisation" finished-at="2024-08-18T02:41:04 IST" duration-ms="233" status="PASS">
          <reporter-output>
          </reporter-output>
        </test-method> <!-- reportInitialisation -->
        <test-method is-config="true" signature="fileSetup()[pri:0, instance:test.TemplateCreationTest@79e4c792]" started-at="2024-08-18T02:41:04 IST" name="fileSetup" finished-at="2024-08-18T02:41:04 IST" duration-ms="0" status="PASS">
          <reporter-output>
          </reporter-output>
        </test-method> <!-- fileSetup -->
        <test-method is-config="true" signature="createExtentTest()[pri:0, instance:test.TemplateCreationTest@79e4c792]" started-at="2024-08-18T02:41:04 IST" name="createExtentTest" finished-at="2024-08-18T02:41:04 IST" duration-ms="6" status="PASS">
          <reporter-output>
          </reporter-output>
        </test-method> <!-- createExtentTest -->
        <test-method is-config="true" signature="browserLaunch(java.lang.String,java.lang.String)[pri:0, instance:test.TemplateCreationTest@79e4c792]" started-at="2024-08-18T02:41:04 IST" name="browserLaunch" finished-at="2024-08-18T02:41:10 IST" duration-ms="5933" status="PASS">
          <params>
            <param index="0">
              <value>
                <![CDATA[Chrome]]>
              </value>
            </param>
            <param index="1">
              <value>
                <![CDATA[https://app.hyrenet.in/]]>
              </value>
            </param>
          </params>
          <reporter-output>
          </reporter-output>
        </test-method> <!-- browserLaunch -->
        <test-method signature="TC_011_TemplateCreation()[pri:0, instance:test.TemplateCreationTest@79e4c792]" started-at="2024-08-18T02:41:10 IST" name="TC_011_TemplateCreation" finished-at="2024-08-18T02:41:18 IST" duration-ms="7647" status="PASS">
          <reporter-output>
          </reporter-output>
        </test-method> <!-- TC_011_TemplateCreation -->
        <test-method is-config="true" signature="browserClose()[pri:0, instance:test.TemplateCreationTest@79e4c792]" started-at="2024-08-18T02:41:18 IST" name="browserClose" finished-at="2024-08-18T02:41:18 IST" duration-ms="201" status="PASS">
          <reporter-output>
          </reporter-output>
        </test-method> <!-- browserClose -->
        <test-method is-config="true" signature="generateExtentReports()[pri:0, instance:test.TemplateCreationTest@79e4c792]" started-at="2024-08-18T02:41:18 IST" name="generateExtentReports" finished-at="2024-08-18T02:41:19 IST" duration-ms="255" status="PASS">
          <reporter-output>
          </reporter-output>
        </test-method> <!-- generateExtentReports -->
      </class> <!-- test.TemplateCreationTest -->
    </test> <!-- Test -->
  </suite> <!-- Suite -->
</testng-results>
