<?xml version="1.0" encoding="UTF-8"?>
<testng-results ignored="0" total="1" passed="1" failed="0" skipped="0">
  <reporter-output>
  </reporter-output>
  <suite started-at="2024-08-17T20:32:36 IST" name="Suite" finished-at="2024-08-17T20:32:47 IST" duration-ms="11005">
    <groups>
    </groups>
    <test started-at="2024-08-17T20:32:36 IST" name="Test" finished-at="2024-08-17T20:32:47 IST" duration-ms="11005">
      <class name="test.TemplateCreationTest">
        <test-method is-config="true" signature="reportInitialisation()[pri:0, instance:test.TemplateCreationTest@79e4c792]" started-at="2024-08-17T20:32:35 IST" name="reportInitialisation" finished-at="2024-08-17T20:32:36 IST" duration-ms="270" status="PASS">
          <reporter-output>
          </reporter-output>
        </test-method> <!-- reportInitialisation -->
        <test-method is-config="true" signature="fileSetup()[pri:0, instance:test.TemplateCreationTest@79e4c792]" started-at="2024-08-17T20:32:36 IST" name="fileSetup" finished-at="2024-08-17T20:32:36 IST" duration-ms="1" status="PASS">
          <reporter-output>
          </reporter-output>
        </test-method> <!-- fileSetup -->
        <test-method is-config="true" signature="createExtentTest()[pri:0, instance:test.TemplateCreationTest@79e4c792]" started-at="2024-08-17T20:32:36 IST" name="createExtentTest" finished-at="2024-08-17T20:32:36 IST" duration-ms="7" status="PASS">
          <reporter-output>
          </reporter-output>
        </test-method> <!-- createExtentTest -->
        <test-method is-config="true" signature="browserLaunch(java.lang.String,java.lang.String)[pri:0, instance:test.TemplateCreationTest@79e4c792]" started-at="2024-08-17T20:32:36 IST" name="browserLaunch" finished-at="2024-08-17T20:32:43 IST" duration-ms="7526" status="PASS">
          <params>
            <param index="0">
              <value>
                <![CDATA[Chrome]]>
              </value>
            </param>
            <param index="1">
              <value>
                <![CDATA[https://app.hyrenet.in/]]>
              </value>
            </param>
          </params>
          <reporter-output>
          </reporter-output>
        </test-method> <!-- browserLaunch -->
        <test-method signature="TC_011_TemplateCreation()[pri:0, instance:test.TemplateCreationTest@79e4c792]" started-at="2024-08-17T20:32:43 IST" name="TC_011_TemplateCreation" finished-at="2024-08-17T20:32:46 IST" duration-ms="3259" status="PASS">
          <reporter-output>
          </reporter-output>
        </test-method> <!-- TC_011_TemplateCreation -->
        <test-method is-config="true" signature="browserClose()[pri:0, instance:test.TemplateCreationTest@79e4c792]" started-at="2024-08-17T20:32:46 IST" name="browserClose" finished-at="2024-08-17T20:32:47 IST" duration-ms="178" status="PASS">
          <reporter-output>
          </reporter-output>
        </test-method> <!-- browserClose -->
        <test-method is-config="true" signature="generateExtentReports()[pri:0, instance:test.TemplateCreationTest@79e4c792]" started-at="2024-08-17T20:32:47 IST" name="generateExtentReports" finished-at="2024-08-17T20:32:47 IST" duration-ms="304" status="PASS">
          <reporter-output>
          </reporter-output>
        </test-method> <!-- generateExtentReports -->
      </class> <!-- test.TemplateCreationTest -->
    </test> <!-- Test -->
  </suite> <!-- Suite -->
</testng-results>
